2025-09-29 22:53:03,882 - INFO - MSL 탐지 엔진 핵심 모듈 초기화 완료
2025-09-29 22:53:03,882 - INFO - === 고급 이벤트 생성 시작 ===
2025-09-29 22:53:03,882 - INFO - 1. 정상 이벤트 생성 중...
2025-09-29 22:53:03,883 - INFO - 정상 이벤트 20개 생성
2025-09-29 22:53:03,883 - INFO - 2. 위협 시나리오별 이벤트 생성 중...
2025-09-29 22:53:03,883 - INFO -   - credential_reuse_attack 시나리오 생성 중...
2025-09-29 22:53:03,883 - INFO - credential_reuse_attack 시나리오 이벤트 5개 생성
2025-09-29 22:53:03,883 - INFO -   - issuer_impersonation 시나리오 생성 중...
2025-09-29 22:53:03,883 - INFO - issuer_impersonation 시나리오 이벤트 3개 생성
2025-09-29 22:53:03,883 - INFO -   - rapid_events_attack 시나리오 생성 중...
2025-09-29 22:53:03,883 - INFO - rapid_events_attack 시나리오 이벤트 10개 생성
2025-09-29 22:53:03,883 - INFO -   - time_anomaly_attack 시나리오 생성 중...
2025-09-29 22:53:03,883 - INFO - time_anomaly_attack 시나리오 이벤트 4개 생성
2025-09-29 22:53:03,883 - INFO -   - cross_platform_attack 시나리오 생성 중...
2025-09-29 22:53:03,883 - INFO - cross_platform_attack 시나리오 이벤트 3개 생성
2025-09-29 22:53:03,883 - INFO -   - credential_theft_simulation 시나리오 생성 중...
2025-09-29 22:53:03,883 - INFO - credential_theft_simulation 시나리오 이벤트 4개 생성
2025-09-29 22:53:03,883 - INFO -   - did_hijacking 시나리오 생성 중...
2025-09-29 22:53:03,883 - INFO - did_hijacking 시나리오 이벤트 2개 생성
2025-09-29 22:53:03,883 - INFO -   - sybil_attack 시나리오 생성 중...
2025-09-29 22:53:03,884 - INFO - sybil_attack 시나리오 이벤트 6개 생성
2025-09-29 22:53:03,884 - INFO - 3. DIDNOW 실제 API 호출 중...
2025-09-29 22:53:03,965 - INFO - 4. Veramo 실제 플러그인 활용 중...
2025-09-29 22:53:03,966 - INFO - Veramo 실제 플러그인 이벤트 5개 생성
2025-09-29 22:53:03,966 - INFO - 5. Sovrin 실제 어댑터 활용 중...
2025-09-29 22:53:03,966 - INFO - Sovrin 실제 어댑터 이벤트 4개 생성
2025-09-29 22:53:03,967 - INFO - 6. 이벤트를 MSL 형태로 변환 중...
2025-09-29 22:53:03,967 - INFO - 총 66개 이벤트를 MSL 형태로 변환
2025-09-29 22:53:03,968 - INFO - 7. 고급 위협 탐지 실행 중...
2025-09-29 22:53:04,058 - INFO - 고급 위협 탐지 실행 완료
2025-09-29 22:53:04,064 - INFO - 종합 결과 저장 완료: advanced-events-results/comprehensive_results_20250929_225304.json
2025-09-29 22:53:04,064 - INFO - === 고급 이벤트 생성 완료 ===
